2025-10-13 00:00:40 INFO django.server:161 "GET /project_wra_repoet/ HTTP/1.1" 200 7507
2025-10-13 00:00:40 WARNING django.server:161 "GET /project_wra_repoet/%%20static%20'img/group-30-2@2x.png'%20%%7D HTTP/1.1" 404 7735
2025-10-13 00:00:56 INFO django.server:161 "GET /project_wra_repoet/ HTTP/1.1" 200 7511
2025-10-13 00:00:56 WARNING django.server:161 "GET /project_wra_repoet/%%20static%20'img/group-30-2@2x.png'%20%%7D HTTP/1.1" 404 7735
2025-10-13 00:01:03 INFO django.server:161 "GET /project_wra_repoet/ HTTP/1.1" 200 7530
2025-10-13 00:01:03 WARNING django.server:161 "GET /project_wra_repoet/%%20static%20'img/group-30-2@2x.png'%20%%7D HTTP/1.1" 404 7735
2025-10-13 00:01:09 INFO django.server:161 "GET /project_financial/ HTTP/1.1" 200 9767
2025-10-13 00:01:09 WARNING django.server:161 "GET /project_financial/%%20static%20'img/group-30-2@2x.png'%20%%7D HTTP/1.1" 404 7732
2025-10-13 00:01:14 INFO django.server:161 "GET /financial_1/ HTTP/1.1" 200 12620
2025-10-13 00:01:14 INFO django.server:161 "GET /static/%E5%9F%BA%E9%87%91%E8%B3%87%E6%96%99%E5%BD%99%E6%95%B41140222.csv HTTP/1.1" 200 1178938
2025-10-13 00:01:44 WARNING django.server:161 "GET /edewd HTTP/1.1" 404 7546
2025-10-13 00:01:51 INFO django.server:161 "GET / HTTP/1.1" 200 11047
2025-10-13 00:01:51 INFO django.server:161 "GET /static/css/styleguide.css HTTP/1.1" 200 3523
2025-10-13 00:01:51 INFO django.server:161 "GET /static/css/stark_lab_home.css HTTP/1.1" 200 10913
2025-10-13 00:01:51 INFO django.server:161 "GET /static/img/line-31-1.svg HTTP/1.1" 200 168
2025-10-13 00:01:51 INFO django.server:161 "GET /static/img/------logo-1@2x.png HTTP/1.1" 200 15077
2025-10-13 00:01:51 INFO django.server:161 "GET /static/css/globals.css HTTP/1.1" 200 2117
2025-10-13 00:01:51 INFO django.server:161 "GET /static/img/line-25.svg HTTP/1.1" 200 202
2025-10-13 00:01:51 INFO django.server:161 "GET /static/img/---1-1.png HTTP/1.1" 200 222199
2025-10-13 00:01:51 INFO django.server:161 "GET /static/img/arrow-3.svg HTTP/1.1" 200 669
2025-10-13 00:01:51 INFO django.server:161 "GET /static/img/rectangle-79@2x.png HTTP/1.1" 200 108547
2025-10-13 00:01:51 INFO django.server:161 "GET /static/img/arrow-3-1.svg HTTP/1.1" 200 667
2025-10-13 00:01:51 INFO django.server:161 "GET /static/img/---1-2@2x.png HTTP/1.1" 200 124926
2025-10-13 00:01:51 INFO django.server:161 "GET /static/img/group-30-1@2x.png HTTP/1.1" 200 3043
2025-10-13 00:01:51 INFO django.server:161 "GET /static/img/plus_icon.svg HTTP/1.1" 200 300
2025-10-13 00:01:54 WARNING django.server:161 "GET /fdfd HTTP/1.1" 404 7542
2025-10-13 00:01:54 WARNING django.server:161 "GET /favicon.ico HTTP/1.1" 404 7563
2025-10-13 00:02:11 INFO django.utils.autoreload:250 C:\server website\StarkLab\labweb\lab\lab\settings.py changed, reloading.
2025-10-13 00:02:11 INFO django.utils.autoreload:636 Watching for file changes with StatReloader
2025-10-13 00:02:14 WARNING django.server:161 "GET /fdfd HTTP/1.1" 404 179
2025-10-13 00:02:16 INFO django.server:161 "GET / HTTP/1.1" 200 11047
2025-10-13 00:02:17 INFO django.server:161 "GET / HTTP/1.1" 200 11047
2025-10-13 00:02:17 INFO django.server:161 "GET /project/ HTTP/1.1" 200 6643
2025-10-13 00:02:18 WARNING django.server:161 "GET /static/css/stark_lab_project.css HTTP/1.1" 404 179
2025-10-13 00:02:18 WARNING django.server:161 "GET /static/img/rectangle-79%402x.png HTTP/1.1" 404 179
2025-10-13 00:02:18 WARNING django.server:161 "GET /static/img/line-30.svg HTTP/1.1" 404 179
2025-10-13 00:02:18 WARNING django.server:161 "GET /static/img/arrow-3-2.svg HTTP/1.1" 404 179
2025-10-13 00:02:18 WARNING django.server:161 "GET /static/img/------logo-1%402x.png HTTP/1.1" 404 179
2025-10-13 00:02:18 WARNING django.server:161 "GET /static/img/---1-2%402x.png HTTP/1.1" 404 179
2025-10-13 00:02:18 WARNING django.server:161 "GET /static/img/arrow-3-4.svg HTTP/1.1" 404 179
2025-10-13 00:02:18 WARNING django.server:161 "GET /static/img/----1.png HTTP/1.1" 404 179
2025-10-13 00:02:18 WARNING django.server:161 "GET /static/img/group-30-2%402x.png HTTP/1.1" 404 179
2025-10-13 00:02:19 INFO django.server:161 "GET /project/ HTTP/1.1" 200 6643
2025-10-13 00:02:19 WARNING django.server:161 "GET /static/img/rectangle-79%402x.png HTTP/1.1" 404 179
2025-10-13 00:02:19 WARNING django.server:161 "GET /static/img/arrow-3-2.svg HTTP/1.1" 404 179
2025-10-13 00:02:19 WARNING django.server:161 "GET /static/css/stark_lab_project.css HTTP/1.1" 404 179
2025-10-13 00:02:19 WARNING django.server:161 "GET /static/css/globals.css HTTP/1.1" 404 179
2025-10-13 00:02:19 WARNING django.server:161 "GET /static/css/styleguide.css HTTP/1.1" 404 179
2025-10-13 00:02:19 WARNING django.server:161 "GET /static/img/line-30.svg HTTP/1.1" 404 179
2025-10-13 00:02:19 WARNING django.server:161 "GET /static/img/------logo-1%402x.png HTTP/1.1" 404 179
2025-10-13 00:02:19 WARNING django.server:161 "GET /static/img/---1-2%402x.png HTTP/1.1" 404 179
2025-10-13 00:02:19 WARNING django.server:161 "GET /static/img/arrow-3.svg HTTP/1.1" 404 179
2025-10-13 00:02:19 WARNING django.server:161 "GET /static/img/----1.png HTTP/1.1" 404 179
2025-10-13 00:02:19 WARNING django.server:161 "GET /static/img/group-30-2%402x.png HTTP/1.1" 404 179
2025-10-13 00:02:19 WARNING django.server:161 "GET /static/img/arrow-3-4.svg HTTP/1.1" 404 179
2025-10-13 00:02:20 INFO django.server:161 "GET /project/ HTTP/1.1" 200 6643
2025-10-13 00:02:20 WARNING django.server:161 "GET /static/img/---1-2%402x.png HTTP/1.1" 404 179
2025-10-13 00:02:20 WARNING django.server:161 "GET /static/img/line-30.svg HTTP/1.1" 404 179
2025-10-13 00:02:20 WARNING django.server:161 "GET /static/css/globals.css HTTP/1.1" 404 179
2025-10-13 00:02:20 WARNING django.server:161 "GET /static/img/------logo-1%402x.png HTTP/1.1" 404 179
2025-10-13 00:02:20 WARNING django.server:161 "GET /static/css/stark_lab_project.css HTTP/1.1" 404 179
2025-10-13 00:02:20 WARNING django.server:161 "GET /static/img/arrow-3-4.svg HTTP/1.1" 404 179
2025-10-13 00:02:20 WARNING django.server:161 "GET /static/css/styleguide.css HTTP/1.1" 404 179
2025-10-13 00:02:20 WARNING django.server:161 "GET /static/img/----1.png HTTP/1.1" 404 179
2025-10-13 00:02:20 WARNING django.server:161 "GET /static/img/rectangle-79%402x.png HTTP/1.1" 404 179
2025-10-13 00:02:20 WARNING django.server:161 "GET /static/img/arrow-3.svg HTTP/1.1" 404 179
2025-10-13 00:02:20 WARNING django.server:161 "GET /static/img/group-30-2%402x.png HTTP/1.1" 404 179
2025-10-13 00:02:20 WARNING django.server:161 "GET /static/img/arrow-3-2.svg HTTP/1.1" 404 179
2025-10-13 00:03:20 INFO django.server:161 "GET /project/ HTTP/1.1" 200 6643
2025-10-13 00:03:20 WARNING django.server:161 "GET /static/img/arrow-3-2.svg HTTP/1.1" 404 179
2025-10-13 00:03:20 WARNING django.server:161 "GET /static/css/styleguide.css HTTP/1.1" 404 179
2025-10-13 00:03:20 WARNING django.server:161 "GET /static/img/group-30-2%402x.png HTTP/1.1" 404 179
2025-10-13 00:03:20 WARNING django.server:161 "GET /static/css/stark_lab_project.css HTTP/1.1" 404 179
2025-10-13 00:03:20 WARNING django.server:161 "GET /static/css/globals.css HTTP/1.1" 404 179
2025-10-13 00:03:20 WARNING django.server:161 "GET /static/img/line-30.svg HTTP/1.1" 404 179
2025-10-13 00:03:20 WARNING django.server:161 "GET /static/img/arrow-3-4.svg HTTP/1.1" 404 179
2025-10-13 00:03:20 WARNING django.server:161 "GET /static/img/------logo-1%402x.png HTTP/1.1" 404 179
2025-10-13 00:03:20 WARNING django.server:161 "GET /static/img/rectangle-79%402x.png HTTP/1.1" 404 179
2025-10-13 00:03:20 WARNING django.server:161 "GET /static/img/---1-2%402x.png HTTP/1.1" 404 179
2025-10-13 00:03:20 WARNING django.server:161 "GET /static/img/----1.png HTTP/1.1" 404 179
2025-10-13 00:03:20 WARNING django.server:161 "GET /static/img/arrow-3.svg HTTP/1.1" 404 179
2025-10-13 00:03:20 INFO django.server:161 "GET /project/ HTTP/1.1" 200 6643
2025-10-13 00:03:20 WARNING django.server:161 "GET /static/css/styleguide.css HTTP/1.1" 404 179
2025-10-13 00:03:20 WARNING django.server:161 "GET /static/img/arrow-3-4.svg HTTP/1.1" 404 179
2025-10-13 00:03:20 WARNING django.server:161 "GET /static/img/arrow-3-2.svg HTTP/1.1" 404 179
2025-10-13 00:03:20 WARNING django.server:161 "GET /static/img/group-30-2%402x.png HTTP/1.1" 404 179
2025-10-13 00:03:20 WARNING django.server:161 "GET /static/img/line-30.svg HTTP/1.1" 404 179
2025-10-13 00:03:20 WARNING django.server:161 "GET /static/img/rectangle-79%402x.png HTTP/1.1" 404 179
2025-10-13 00:03:20 WARNING django.server:161 "GET /static/img/------logo-1%402x.png HTTP/1.1" 404 179
2025-10-13 00:03:20 WARNING django.server:161 "GET /static/css/globals.css HTTP/1.1" 404 179
2025-10-13 00:03:20 WARNING django.server:161 "GET /static/img/---1-2%402x.png HTTP/1.1" 404 179
2025-10-13 00:03:20 WARNING django.server:161 "GET /static/css/stark_lab_project.css HTTP/1.1" 404 179
2025-10-13 00:03:20 WARNING django.server:161 "GET /static/img/----1.png HTTP/1.1" 404 179
2025-10-13 00:03:20 WARNING django.server:161 "GET /static/img/arrow-3.svg HTTP/1.1" 404 179
2025-10-13 00:03:21 INFO django.server:161 "GET /project/ HTTP/1.1" 200 6643
2025-10-13 00:03:21 WARNING django.server:161 "GET /static/css/stark_lab_project.css HTTP/1.1" 404 179
2025-10-13 00:03:21 WARNING django.server:161 "GET /static/img/arrow-3-4.svg HTTP/1.1" 404 179
2025-10-13 00:03:21 WARNING django.server:161 "GET /static/css/globals.css HTTP/1.1" 404 179
2025-10-13 00:03:21 WARNING django.server:161 "GET /static/img/arrow-3-2.svg HTTP/1.1" 404 179
2025-10-13 00:03:21 WARNING django.server:161 "GET /static/css/styleguide.css HTTP/1.1" 404 179
2025-10-13 00:03:21 WARNING django.server:161 "GET /static/img/group-30-2%402x.png HTTP/1.1" 404 179
2025-10-13 00:03:21 WARNING django.server:161 "GET /static/img/arrow-3.svg HTTP/1.1" 404 179
2025-10-13 00:03:21 WARNING django.server:161 "GET /static/img/line-30.svg HTTP/1.1" 404 179
2025-10-13 00:03:21 WARNING django.server:161 "GET /static/img/rectangle-79%402x.png HTTP/1.1" 404 179
2025-10-13 00:03:21 WARNING django.server:161 "GET /static/img/---1-2%402x.png HTTP/1.1" 404 179
2025-10-13 00:03:21 WARNING django.server:161 "GET /static/img/----1.png HTTP/1.1" 404 179
2025-10-13 00:03:21 WARNING django.server:161 "GET /static/img/------logo-1%402x.png HTTP/1.1" 404 179
2025-10-13 00:03:22 INFO django.server:161 "GET /project/ HTTP/1.1" 200 6643
2025-10-13 00:03:22 WARNING django.server:161 "GET /static/img/group-30-2%402x.png HTTP/1.1" 404 179
2025-10-13 00:03:22 WARNING django.server:161 "GET /static/css/globals.css HTTP/1.1" 404 179
2025-10-13 00:03:22 WARNING django.server:161 "GET /static/css/styleguide.css HTTP/1.1" 404 179
2025-10-13 00:03:22 WARNING django.server:161 "GET /static/img/arrow-3-2.svg HTTP/1.1" 404 179
2025-10-13 00:03:22 WARNING django.server:161 "GET /static/img/line-30.svg HTTP/1.1" 404 179
2025-10-13 00:03:22 WARNING django.server:161 "GET /static/img/rectangle-79%402x.png HTTP/1.1" 404 179
2025-10-13 00:03:22 WARNING django.server:161 "GET /static/img/------logo-1%402x.png HTTP/1.1" 404 179
2025-10-13 00:03:22 WARNING django.server:161 "GET /static/css/stark_lab_project.css HTTP/1.1" 404 179
2025-10-13 00:03:22 WARNING django.server:161 "GET /static/img/----1.png HTTP/1.1" 404 179
2025-10-13 00:03:22 WARNING django.server:161 "GET /static/img/arrow-3.svg HTTP/1.1" 404 179
2025-10-13 00:03:22 WARNING django.server:161 "GET /static/img/---1-2%402x.png HTTP/1.1" 404 179
2025-10-13 00:03:22 WARNING django.server:161 "GET /static/img/arrow-3-4.svg HTTP/1.1" 404 179
2025-10-13 00:03:22 INFO django.server:161 "GET /project/ HTTP/1.1" 200 6643
2025-10-13 00:03:23 WARNING django.server:161 "GET /static/css/globals.css HTTP/1.1" 404 179
2025-10-13 00:03:23 WARNING django.server:161 "GET /static/img/------logo-1%402x.png HTTP/1.1" 404 179
2025-10-13 00:03:23 WARNING django.server:161 "GET /static/img/line-30.svg HTTP/1.1" 404 179
2025-10-13 00:03:23 WARNING django.server:161 "GET /static/css/styleguide.css HTTP/1.1" 404 179
2025-10-13 00:03:23 WARNING django.server:161 "GET /static/img/arrow-3.svg HTTP/1.1" 404 179
2025-10-13 00:03:23 WARNING django.server:161 "GET /static/img/arrow-3-4.svg HTTP/1.1" 404 179
2025-10-13 00:03:23 WARNING django.server:161 "GET /static/img/rectangle-79%402x.png HTTP/1.1" 404 179
2025-10-13 00:03:23 WARNING django.server:161 "GET /static/css/stark_lab_project.css HTTP/1.1" 404 179
2025-10-13 00:03:23 WARNING django.server:161 "GET /static/img/----1.png HTTP/1.1" 404 179
2025-10-13 00:03:23 WARNING django.server:161 "GET /static/img/arrow-3-2.svg HTTP/1.1" 404 179
2025-10-13 00:03:23 WARNING django.server:161 "GET /static/img/---1-2%402x.png HTTP/1.1" 404 179
2025-10-13 00:03:23 WARNING django.server:161 "GET /static/img/group-30-2%402x.png HTTP/1.1" 404 179
2025-10-13 00:03:23 INFO django.server:161 "GET /project/ HTTP/1.1" 200 6643
2025-10-13 00:03:23 WARNING django.server:161 "GET /static/img/line-30.svg HTTP/1.1" 404 179
2025-10-13 00:03:23 WARNING django.server:161 "GET /static/css/globals.css HTTP/1.1" 404 179
2025-10-13 00:03:23 WARNING django.server:161 "GET /static/img/arrow-3.svg HTTP/1.1" 404 179
2025-10-13 00:03:23 WARNING django.server:161 "GET /static/css/stark_lab_project.css HTTP/1.1" 404 179
2025-10-13 00:03:23 WARNING django.server:161 "GET /static/img/----1.png HTTP/1.1" 404 179
2025-10-13 00:03:23 WARNING django.server:161 "GET /static/img/------logo-1%402x.png HTTP/1.1" 404 179
2025-10-13 00:03:23 WARNING django.server:161 "GET /static/css/styleguide.css HTTP/1.1" 404 179
2025-10-13 00:03:23 WARNING django.server:161 "GET /static/img/rectangle-79%402x.png HTTP/1.1" 404 179
2025-10-13 00:03:23 WARNING django.server:161 "GET /static/img/---1-2%402x.png HTTP/1.1" 404 179
2025-10-13 00:03:23 WARNING django.server:161 "GET /static/img/group-30-2%402x.png HTTP/1.1" 404 179
2025-10-13 00:03:23 WARNING django.server:161 "GET /static/img/arrow-3-4.svg HTTP/1.1" 404 179
2025-10-13 00:03:23 WARNING django.server:161 "GET /static/img/arrow-3-2.svg HTTP/1.1" 404 179
2025-10-13 00:03:23 INFO django.server:161 "GET /project/ HTTP/1.1" 200 6643
2025-10-13 00:03:23 WARNING django.server:161 "GET /static/img/arrow-3-2.svg HTTP/1.1" 404 179
2025-10-13 00:03:23 WARNING django.server:161 "GET /static/img/rectangle-79%402x.png HTTP/1.1" 404 179
2025-10-13 00:03:23 WARNING django.server:161 "GET /static/css/stark_lab_project.css HTTP/1.1" 404 179
2025-10-13 00:03:23 WARNING django.server:161 "GET /static/css/styleguide.css HTTP/1.1" 404 179
2025-10-13 00:03:23 WARNING django.server:161 "GET /static/img/arrow-3.svg HTTP/1.1" 404 179
2025-10-13 00:03:23 WARNING django.server:161 "GET /static/img/arrow-3-4.svg HTTP/1.1" 404 179
2025-10-13 00:03:23 WARNING django.server:161 "GET /static/img/group-30-2%402x.png HTTP/1.1" 404 179
2025-10-13 00:03:23 WARNING django.server:161 "GET /static/img/line-30.svg HTTP/1.1" 404 179
2025-10-13 00:03:23 WARNING django.server:161 "GET /static/img/------logo-1%402x.png HTTP/1.1" 404 179
2025-10-13 00:03:23 WARNING django.server:161 "GET /static/img/----1.png HTTP/1.1" 404 179
2025-10-13 00:03:23 WARNING django.server:161 "GET /static/img/---1-2%402x.png HTTP/1.1" 404 179
2025-10-13 00:03:23 WARNING django.server:161 "GET /static/css/globals.css HTTP/1.1" 404 179
2025-10-13 00:05:28 INFO django.utils.autoreload:250 C:\server website\StarkLab\labweb\lab\lab\settings.py changed, reloading.
2025-10-13 00:05:29 INFO django.utils.autoreload:636 Watching for file changes with StatReloader
2025-10-13 00:06:13 INFO django.utils.autoreload:250 C:\server website\StarkLab\labweb\lab\lab\settings.py changed, reloading.
2025-10-13 00:06:13 INFO django.utils.autoreload:636 Watching for file changes with StatReloader
2025-10-13 00:06:22 ERROR django.security.DisallowedHost:99 Invalid HTTP_HOST header: 'starklab.tw:3000'. You may need to add 'starklab.tw' to ALLOWED_HOSTS.
2025-10-13 00:06:22 WARNING django.server:161 "GET / HTTP/1.1" 400 143
2025-10-13 00:06:22 ERROR django.security.DisallowedHost:99 Invalid HTTP_HOST header: 'starklab.tw:3000'. You may need to add 'starklab.tw' to ALLOWED_HOSTS.
2025-10-13 00:06:22 WARNING django.server:161 "GET /favicon.ico HTTP/1.1" 400 143
2025-10-13 00:06:25 ERROR django.security.DisallowedHost:99 Invalid HTTP_HOST header: 'starklab.tw:3000'. You may need to add 'starklab.tw' to ALLOWED_HOSTS.
2025-10-13 00:06:25 WARNING django.server:161 "GET / HTTP/1.1" 400 143
2025-10-13 00:06:25 ERROR django.security.DisallowedHost:99 Invalid HTTP_HOST header: 'starklab.tw:3000'. You may need to add 'starklab.tw' to ALLOWED_HOSTS.
2025-10-13 00:06:25 WARNING django.server:161 "GET /favicon.ico HTTP/1.1" 400 143
2025-10-13 00:06:28 ERROR django.security.DisallowedHost:99 Invalid HTTP_HOST header: 'lab.starklab.tw'. You may need to add 'lab.starklab.tw' to ALLOWED_HOSTS.
2025-10-13 00:06:28 WARNING django.server:161 "GET / HTTP/1.1" 400 143
2025-10-13 00:06:28 ERROR django.security.DisallowedHost:99 Invalid HTTP_HOST header: 'lab.starklab.tw'. You may need to add 'lab.starklab.tw' to ALLOWED_HOSTS.
2025-10-13 00:06:28 WARNING django.server:161 "GET /favicon.ico HTTP/1.1" 400 143
2025-10-13 00:06:31 ERROR django.security.DisallowedHost:99 Invalid HTTP_HOST header: 'lab.starklab.tw'. You may need to add 'lab.starklab.tw' to ALLOWED_HOSTS.
2025-10-13 00:06:31 WARNING django.server:161 "GET / HTTP/1.1" 400 143
2025-10-13 00:06:31 ERROR django.security.DisallowedHost:99 Invalid HTTP_HOST header: 'lab.starklab.tw'. You may need to add 'lab.starklab.tw' to ALLOWED_HOSTS.
2025-10-13 00:06:31 WARNING django.server:161 "GET /favicon.ico HTTP/1.1" 400 143
2025-10-13 00:06:46 INFO django.utils.autoreload:250 C:\server website\StarkLab\labweb\lab\lab\settings.py changed, reloading.
2025-10-13 00:06:46 INFO django.utils.autoreload:636 Watching for file changes with StatReloader
2025-10-13 00:06:50 ERROR django.security.DisallowedHost:99 Invalid HTTP_HOST header: 'lab.starklab.tw'. You may need to add 'lab.starklab.tw' to ALLOWED_HOSTS.
2025-10-13 00:06:50 WARNING django.server:161 "GET / HTTP/1.1" 400 143
2025-10-13 00:06:50 ERROR django.security.DisallowedHost:99 Invalid HTTP_HOST header: 'lab.starklab.tw'. You may need to add 'lab.starklab.tw' to ALLOWED_HOSTS.
2025-10-13 00:06:50 WARNING django.server:161 "GET /favicon.ico HTTP/1.1" 400 143
2025-10-13 00:06:53 ERROR django.security.DisallowedHost:99 Invalid HTTP_HOST header: 'lab.starklab.tw'. You may need to add 'lab.starklab.tw' to ALLOWED_HOSTS.
2025-10-13 00:06:53 WARNING django.server:161 "GET / HTTP/1.1" 400 143
2025-10-13 00:06:53 ERROR django.security.DisallowedHost:99 Invalid HTTP_HOST header: 'lab.starklab.tw'. You may need to add 'lab.starklab.tw' to ALLOWED_HOSTS.
2025-10-13 00:06:53 WARNING django.server:161 "GET /favicon.ico HTTP/1.1" 400 143
2025-10-13 00:06:57 INFO django.utils.autoreload:250 C:\server website\StarkLab\labweb\lab\lab\settings.py changed, reloading.
2025-10-13 00:06:58 INFO django.utils.autoreload:636 Watching for file changes with StatReloader
2025-10-13 00:07:00 INFO django.server:161 "GET / HTTP/1.1" 200 11047
2025-10-13 00:07:18 INFO django.utils.autoreload:250 C:\server website\StarkLab\labweb\lab\lab\settings.py changed, reloading.
2025-10-13 00:07:19 INFO django.utils.autoreload:636 Watching for file changes with StatReloader
2025-10-13 00:07:22 INFO django.utils.autoreload:250 C:\server website\StarkLab\labweb\lab\lab\settings.py changed, reloading.
2025-10-13 00:07:23 INFO django.utils.autoreload:636 Watching for file changes with StatReloader
2025-10-13 00:07:34 INFO django.utils.autoreload:250 C:\server website\StarkLab\labweb\lab\lab\settings.py changed, reloading.
2025-10-13 00:07:35 INFO django.utils.autoreload:636 Watching for file changes with StatReloader
2025-10-13 00:08:38 INFO django.utils.autoreload:636 Watching for file changes with StatReloader
2025-10-13 00:08:43 INFO django.server:161 "GET / HTTP/1.1" 200 11047
2025-10-13 00:08:45 INFO django.server:161 "GET / HTTP/1.1" 200 11047
2025-10-13 00:08:56 INFO django.server:161 "GET / HTTP/1.1" 200 11047
2025-10-13 00:09:33 INFO django.utils.autoreload:636 Watching for file changes with StatReloader
2025-10-13 00:15:49 INFO django.server:161 "GET / HTTP/1.1" 200 11047
2025-10-13 00:15:59 INFO django.server:161 "GET /project/ HTTP/1.1" 200 6643
2025-10-13 00:15:59 INFO django.server:161 "GET /member/ HTTP/1.1" 200 20352
2025-10-13 00:15:59 WARNING django.server:161 "GET /static/css/stark_lab_member.css HTTP/1.1" 404 179
2025-10-13 00:15:59 WARNING django.server:161 "GET /static/img/line-3-1.svg HTTP/1.1" 404 179
2025-10-13 00:15:59 WARNING django.server:161 "GET /static/img/professor.jpg HTTP/1.1" 404 179
2025-10-13 00:15:59 WARNING django.server:161 "GET /static/img/S__167469060.jpg HTTP/1.1" 404 179
2025-10-13 00:15:59 WARNING django.server:161 "GET /static/img/lin_chang_liang.jpg HTTP/1.1" 404 179
2025-10-13 00:15:59 WARNING django.server:161 "GET /static/img/terry_wu.jpg HTTP/1.1" 404 179
2025-10-13 00:15:59 WARNING django.server:161 "GET /static/img/line-3-7.svg HTTP/1.1" 404 179
2025-10-13 00:15:59 WARNING django.server:161 "GET /static/img/45.jpg HTTP/1.1" 404 179
2025-10-13 00:15:59 WARNING django.server:161 "GET /static/img/link-12.png HTTP/1.1" 404 179
2025-10-13 00:15:59 WARNING django.server:161 "GET /static/img/chiao_hsi.jpg HTTP/1.1" 404 179
2025-10-13 00:15:59 WARNING django.server:161 "GET /static/img/46.jpg HTTP/1.1" 404 179
2025-10-13 00:15:59 WARNING django.server:161 "GET /static/img/zhang_ting_ting.jpg HTTP/1.1" 404 179
2025-10-13 00:15:59 WARNING django.server:161 "GET /static/img/S__7233549.jpg HTTP/1.1" 404 179
2025-10-13 00:16:05 INFO django.server:161 "GET /project/ HTTP/1.1" 200 6643
2025-10-13 00:16:05 INFO django.server:161 "GET /member/ HTTP/1.1" 200 20352
2025-10-13 00:16:06 WARNING django.server:161 "GET /static/css/stark_lab_member.css HTTP/1.1" 404 179
2025-10-13 00:16:06 WARNING django.server:161 "GET /static/img/professor.jpg HTTP/1.1" 404 179
2025-10-13 00:16:06 WARNING django.server:161 "GET /static/img/line-3-1.svg HTTP/1.1" 404 179
2025-10-13 00:16:06 WARNING django.server:161 "GET /static/img/S__167469060.jpg HTTP/1.1" 404 179
2025-10-13 00:16:06 WARNING django.server:161 "GET /static/img/link-12.png HTTP/1.1" 404 179
2025-10-13 00:16:06 WARNING django.server:161 "GET /static/img/line-3-7.svg HTTP/1.1" 404 179
2025-10-13 00:16:06 WARNING django.server:161 "GET /static/img/ting.jpg HTTP/1.1" 404 179
2025-10-13 00:16:06 WARNING django.server:161 "GET /static/img/44.jpg HTTP/1.1" 404 179
2025-10-13 00:16:06 WARNING django.server:161 "GET /static/img/chiao_hsi.jpg HTTP/1.1" 404 179
2025-10-13 00:16:06 WARNING django.server:161 "GET /static/img/45.jpg HTTP/1.1" 404 179
2025-10-13 00:16:06 WARNING django.server:161 "GET /static/img/S__7233549.jpg HTTP/1.1" 404 179
2025-10-13 00:16:06 WARNING django.server:161 "GET /static/img/S__27836539.jpg HTTP/1.1" 404 179
2025-10-13 00:16:06 WARNING django.server:161 "GET /static/img/lin_chang_liang.jpg HTTP/1.1" 404 179
2025-10-13 00:16:06 WARNING django.server:161 "GET /static/img/terry_wu.jpg HTTP/1.1" 404 179
2025-10-13 00:16:06 WARNING django.server:161 "GET /static/img/46.jpg HTTP/1.1" 404 179
2025-10-13 00:16:06 WARNING django.server:161 "GET /static/img/group-30-4%402x.png HTTP/1.1" 404 179
2025-10-13 00:16:06 WARNING django.server:161 "GET /static/img/zhang_ting_ting.jpg HTTP/1.1" 404 179
2025-10-13 00:16:06 WARNING django.server:161 "GET /static/img/ray.jpg HTTP/1.1" 404 179
2025-10-13 00:16:08 INFO django.server:161 "GET /professor/ HTTP/1.1" 200 9040
2025-10-13 00:16:08 WARNING django.server:161 "GET /static/css/stark_lab_professor.css HTTP/1.1" 404 179
2025-10-13 00:16:08 WARNING django.server:161 "GET /static/img/vector.svg HTTP/1.1" 404 179
2025-10-13 00:16:08 WARNING django.server:161 "GET /static/img/intersect%402x.png HTTP/1.1" 404 179
2025-10-13 00:16:08 WARNING django.server:161 "GET /static/img/line-33.svg HTTP/1.1" 404 179
2025-10-13 00:16:08 WARNING django.server:161 "GET /static/img/mask-group%402x.png HTTP/1.1" 404 179
2025-10-13 00:16:08 WARNING django.server:161 "GET /static/img/group-30%402x.png HTTP/1.1" 404 179
2025-10-13 00:16:09 INFO django.server:161 "GET /professor/ HTTP/1.1" 200 9040
2025-10-13 00:16:09 WARNING django.server:161 "GET /static/css/stark_lab_professor.css HTTP/1.1" 404 179
2025-10-13 00:16:09 WARNING django.server:161 "GET /static/img/mask-group%402x.png HTTP/1.1" 404 179
2025-10-13 00:16:09 WARNING django.server:161 "GET /static/img/------logo-1%402x.png HTTP/1.1" 404 179
2025-10-13 00:16:09 WARNING django.server:161 "GET /static/img/group-30%402x.png HTTP/1.1" 404 179
2025-10-13 00:16:09 WARNING django.server:161 "GET /static/img/line-30.svg HTTP/1.1" 404 179
2025-10-13 00:16:09 WARNING django.server:161 "GET /static/css/styleguide.css HTTP/1.1" 404 179
2025-10-13 00:16:09 WARNING django.server:161 "GET /static/css/globals.css HTTP/1.1" 404 179
2025-10-13 00:16:09 WARNING django.server:161 "GET /static/img/line-33.svg HTTP/1.1" 404 179
2025-10-13 00:16:09 WARNING django.server:161 "GET /static/img/intersect%402x.png HTTP/1.1" 404 179
2025-10-13 00:16:09 WARNING django.server:161 "GET /static/img/vector.svg HTTP/1.1" 404 179
2025-10-13 00:16:11 INFO django.server:161 "GET /project/ HTTP/1.1" 200 6643
2025-10-13 00:16:11 WARNING django.server:161 "GET /static/css/stark_lab_project.css HTTP/1.1" 404 179
2025-10-13 00:16:11 WARNING django.server:161 "GET /static/css/globals.css HTTP/1.1" 404 179
2025-10-13 00:16:11 WARNING django.server:161 "GET /static/css/styleguide.css HTTP/1.1" 404 179
2025-10-13 00:16:11 WARNING django.server:161 "GET /static/img/------logo-1%402x.png HTTP/1.1" 404 179
2025-10-13 00:16:11 WARNING django.server:161 "GET /static/img/line-30.svg HTTP/1.1" 404 179
2025-10-13 00:16:11 WARNING django.server:161 "GET /static/img/arrow-3.svg HTTP/1.1" 404 179
2025-10-13 00:16:11 WARNING django.server:161 "GET /static/img/---1-2%402x.png HTTP/1.1" 404 179
2025-10-13 00:16:11 WARNING django.server:161 "GET /static/img/group-30-2%402x.png HTTP/1.1" 404 179
2025-10-13 00:16:11 WARNING django.server:161 "GET /static/img/rectangle-79%402x.png HTTP/1.1" 404 179
2025-10-13 00:16:11 WARNING django.server:161 "GET /static/img/arrow-3-2.svg HTTP/1.1" 404 179
2025-10-13 00:16:11 WARNING django.server:161 "GET /static/img/arrow-3-4.svg HTTP/1.1" 404 179
2025-10-13 00:16:11 WARNING django.server:161 "GET /static/img/----1.png HTTP/1.1" 404 179
2025-10-13 00:16:13 INFO django.server:161 "GET / HTTP/1.1" 200 11047
2025-10-13 00:16:13 WARNING django.server:161 "GET /static/css/stark_lab_home.css HTTP/1.1" 404 179
2025-10-13 00:16:13 WARNING django.server:161 "GET /static/img/------logo-1@2x.png HTTP/1.1" 404 179
2025-10-13 00:16:13 WARNING django.server:161 "GET /static/css/styleguide.css HTTP/1.1" 404 179
2025-10-13 00:16:13 WARNING django.server:161 "GET /static/css/globals.css HTTP/1.1" 404 179
2025-10-13 00:16:13 WARNING django.server:161 "GET /static/img/line-31-1.svg HTTP/1.1" 404 179
2025-10-13 00:16:13 WARNING django.server:161 "GET /static/img/---1-1.png HTTP/1.1" 404 179
2025-10-13 00:16:13 WARNING django.server:161 "GET /static/img/arrow-3.svg HTTP/1.1" 404 179
2025-10-13 00:16:13 WARNING django.server:161 "GET /static/img/arrow-3-1.svg HTTP/1.1" 404 179
2025-10-13 00:16:13 WARNING django.server:161 "GET /static/img/---1-2@2x.png HTTP/1.1" 404 179
2025-10-13 00:16:13 WARNING django.server:161 "GET /static/img/line-25.svg HTTP/1.1" 404 179
2025-10-13 00:16:13 WARNING django.server:161 "GET /static/img/group-30-1@2x.png HTTP/1.1" 404 179
2025-10-13 00:16:13 WARNING django.server:161 "GET /static/img/rectangle-79@2x.png HTTP/1.1" 404 179
2025-10-13 00:25:09 INFO django.utils.autoreload:250 C:\server website\StarkLab\labweb\lab\lab\settings.py changed, reloading.
2025-10-13 00:25:09 INFO django.utils.autoreload:636 Watching for file changes with StatReloader
2025-10-13 00:28:40 INFO django.utils.autoreload:636 Watching for file changes with StatReloader
2025-10-13 00:28:46 INFO django.server:161 "GET / HTTP/1.1" 200 11047
2025-10-13 00:28:46 WARNING django.server:161 "GET /static/css/styleguide.css HTTP/1.1" 404 179
2025-10-13 00:28:46 WARNING django.server:161 "GET /static/css/stark_lab_home.css HTTP/1.1" 404 179
2025-10-13 00:28:46 WARNING django.server:161 "GET /static/css/globals.css HTTP/1.1" 404 179
2025-10-13 00:28:46 WARNING django.server:161 "GET /static/img/------logo-1@2x.png HTTP/1.1" 404 179
2025-10-13 00:28:46 WARNING django.server:161 "GET /static/img/line-31-1.svg HTTP/1.1" 404 179
2025-10-13 00:28:46 WARNING django.server:161 "GET /static/img/arrow-3-1.svg HTTP/1.1" 404 179
2025-10-13 00:28:46 WARNING django.server:161 "GET /static/img/line-25.svg HTTP/1.1" 404 179
2025-10-13 00:28:46 WARNING django.server:161 "GET /static/img/---1-2@2x.png HTTP/1.1" 404 179
2025-10-13 00:28:46 WARNING django.server:161 "GET /static/img/arrow-3.svg HTTP/1.1" 404 179
2025-10-13 00:28:46 WARNING django.server:161 "GET /static/img/---1-1.png HTTP/1.1" 404 179
2025-10-13 00:28:46 WARNING django.server:161 "GET /static/img/rectangle-79@2x.png HTTP/1.1" 404 179
2025-10-13 00:28:46 WARNING django.server:161 "GET /static/img/group-30-1@2x.png HTTP/1.1" 404 179
2025-10-13 00:28:47 INFO django.server:161 "GET / HTTP/1.1" 200 11047
2025-10-13 00:28:47 WARNING django.server:161 "GET /static/img/------logo-1@2x.png HTTP/1.1" 404 179
2025-10-13 00:28:47 WARNING django.server:161 "GET /static/css/stark_lab_home.css HTTP/1.1" 404 179
2025-10-13 00:28:47 WARNING django.server:161 "GET /static/img/line-31-1.svg HTTP/1.1" 404 179
2025-10-13 00:28:47 WARNING django.server:161 "GET /static/css/styleguide.css HTTP/1.1" 404 179
2025-10-13 00:28:47 WARNING django.server:161 "GET /static/css/globals.css HTTP/1.1" 404 179
2025-10-13 00:28:47 WARNING django.server:161 "GET /static/img/arrow-3.svg HTTP/1.1" 404 179
2025-10-13 00:28:47 WARNING django.server:161 "GET /static/img/line-25.svg HTTP/1.1" 404 179
2025-10-13 00:28:47 WARNING django.server:161 "GET /static/img/arrow-3-1.svg HTTP/1.1" 404 179
2025-10-13 00:28:47 WARNING django.server:161 "GET /static/img/group-30-1@2x.png HTTP/1.1" 404 179
2025-10-13 00:28:47 WARNING django.server:161 "GET /static/img/---1-1.png HTTP/1.1" 404 179
2025-10-13 00:28:47 WARNING django.server:161 "GET /static/img/rectangle-79@2x.png HTTP/1.1" 404 179
2025-10-13 00:28:47 WARNING django.server:161 "GET /static/img/---1-2@2x.png HTTP/1.1" 404 179
2025-10-13 00:28:47 INFO django.server:161 "GET / HTTP/1.1" 200 11047
2025-10-13 00:28:47 WARNING django.server:161 "GET /static/css/styleguide.css HTTP/1.1" 404 179
2025-10-13 00:28:47 WARNING django.server:161 "GET /static/img/line-31-1.svg HTTP/1.1" 404 179
2025-10-13 00:28:47 WARNING django.server:161 "GET /static/css/globals.css HTTP/1.1" 404 179
2025-10-13 00:28:47 WARNING django.server:161 "GET /static/css/stark_lab_home.css HTTP/1.1" 404 179
2025-10-13 00:28:47 WARNING django.server:161 "GET /static/img/------logo-1@2x.png HTTP/1.1" 404 179
2025-10-13 00:28:47 WARNING django.server:161 "GET /static/img/---1-1.png HTTP/1.1" 404 179
2025-10-13 00:28:47 WARNING django.server:161 "GET /static/img/arrow-3-1.svg HTTP/1.1" 404 179
2025-10-13 00:28:47 WARNING django.server:161 "GET /static/img/---1-2@2x.png HTTP/1.1" 404 179
2025-10-13 00:28:47 WARNING django.server:161 "GET /static/img/arrow-3.svg HTTP/1.1" 404 179
2025-10-13 00:28:47 WARNING django.server:161 "GET /static/img/group-30-1@2x.png HTTP/1.1" 404 179
2025-10-13 00:28:47 WARNING django.server:161 "GET /static/img/line-25.svg HTTP/1.1" 404 179
2025-10-13 00:28:47 WARNING django.server:161 "GET /static/img/rectangle-79@2x.png HTTP/1.1" 404 179
2025-10-13 00:28:49 INFO django.server:161 "GET / HTTP/1.1" 200 11047
2025-10-13 00:28:49 WARNING django.server:161 "GET /static/css/stark_lab_home.css HTTP/1.1" 404 179
2025-10-13 00:28:49 WARNING django.server:161 "GET /static/img/line-31-1.svg HTTP/1.1" 404 179
2025-10-13 00:28:49 WARNING django.server:161 "GET /static/css/styleguide.css HTTP/1.1" 404 179
2025-10-13 00:28:49 WARNING django.server:161 "GET /static/img/------logo-1@2x.png HTTP/1.1" 404 179
2025-10-13 00:28:49 WARNING django.server:161 "GET /static/css/globals.css HTTP/1.1" 404 179
2025-10-13 00:28:49 WARNING django.server:161 "GET /static/img/---1-2@2x.png HTTP/1.1" 404 179
2025-10-13 00:28:49 WARNING django.server:161 "GET /static/img/---1-1.png HTTP/1.1" 404 179
2025-10-13 00:28:49 WARNING django.server:161 "GET /static/img/arrow-3.svg HTTP/1.1" 404 179
2025-10-13 00:28:49 WARNING django.server:161 "GET /static/img/line-25.svg HTTP/1.1" 404 179
2025-10-13 00:28:49 WARNING django.server:161 "GET /static/img/rectangle-79@2x.png HTTP/1.1" 404 179
2025-10-13 00:28:49 WARNING django.server:161 "GET /static/img/group-30-1@2x.png HTTP/1.1" 404 179
2025-10-13 00:28:49 WARNING django.server:161 "GET /static/img/arrow-3-1.svg HTTP/1.1" 404 179
2025-10-13 00:29:03 INFO django.server:161 "GET / HTTP/1.1" 200 11047
2025-10-13 00:29:03 WARNING django.server:161 "GET /static/css/stark_lab_home.css HTTP/1.1" 404 179
2025-10-13 00:29:03 WARNING django.server:161 "GET /static/css/styleguide.css HTTP/1.1" 404 179
2025-10-13 00:29:03 WARNING django.server:161 "GET /static/css/globals.css HTTP/1.1" 404 179
2025-10-13 00:29:03 WARNING django.server:161 "GET /static/img/------logo-1@2x.png HTTP/1.1" 404 179
2025-10-13 00:29:03 WARNING django.server:161 "GET /static/img/line-31-1.svg HTTP/1.1" 404 179
2025-10-13 00:29:03 WARNING django.server:161 "GET /static/img/arrow-3.svg HTTP/1.1" 404 179
2025-10-13 00:29:03 WARNING django.server:161 "GET /static/img/line-25.svg HTTP/1.1" 404 179
2025-10-13 00:29:03 WARNING django.server:161 "GET /static/img/---1-1.png HTTP/1.1" 404 179
2025-10-13 00:29:03 WARNING django.server:161 "GET /static/img/arrow-3-1.svg HTTP/1.1" 404 179
2025-10-13 00:29:03 WARNING django.server:161 "GET /static/img/rectangle-79@2x.png HTTP/1.1" 404 179
2025-10-13 00:29:03 WARNING django.server:161 "GET /static/img/group-30-1@2x.png HTTP/1.1" 404 179
2025-10-13 00:29:03 WARNING django.server:161 "GET /static/img/---1-2@2x.png HTTP/1.1" 404 179
2025-10-13 00:29:40 INFO django.server:161 "GET / HTTP/1.1" 200 11047
2025-10-13 00:29:40 WARNING django.server:161 "GET /static/css/stark_lab_home.css HTTP/1.1" 404 179
2025-10-13 00:29:40 WARNING django.server:161 "GET /static/img/line-31-1.svg HTTP/1.1" 404 179
2025-10-13 00:29:40 WARNING django.server:161 "GET /static/css/styleguide.css HTTP/1.1" 404 179
2025-10-13 00:29:40 WARNING django.server:161 "GET /static/img/------logo-1@2x.png HTTP/1.1" 404 179
2025-10-13 00:29:40 WARNING django.server:161 "GET /static/css/globals.css HTTP/1.1" 404 179
2025-10-13 00:29:40 WARNING django.server:161 "GET /static/img/---1-1.png HTTP/1.1" 404 179
2025-10-13 00:29:40 WARNING django.server:161 "GET /static/img/rectangle-79@2x.png HTTP/1.1" 404 179
2025-10-13 00:29:40 WARNING django.server:161 "GET /static/img/---1-2@2x.png HTTP/1.1" 404 179
2025-10-13 00:29:40 WARNING django.server:161 "GET /static/img/line-25.svg HTTP/1.1" 404 179
2025-10-13 00:29:40 WARNING django.server:161 "GET /static/img/arrow-3.svg HTTP/1.1" 404 179
2025-10-13 00:29:40 WARNING django.server:161 "GET /static/img/arrow-3-1.svg HTTP/1.1" 404 179
2025-10-13 00:29:40 WARNING django.server:161 "GET /static/img/group-30-1@2x.png HTTP/1.1" 404 179
2025-10-13 00:29:42 INFO django.server:161 "GET / HTTP/1.1" 200 11047
2025-10-13 00:29:42 WARNING django.server:161 "GET /static/img/------logo-1@2x.png HTTP/1.1" 404 179
2025-10-13 00:29:42 WARNING django.server:161 "GET /static/img/line-31-1.svg HTTP/1.1" 404 179
2025-10-13 00:29:42 WARNING django.server:161 "GET /static/css/globals.css HTTP/1.1" 404 179
2025-10-13 00:29:42 WARNING django.server:161 "GET /static/css/stark_lab_home.css HTTP/1.1" 404 179
2025-10-13 00:29:42 WARNING django.server:161 "GET /static/css/styleguide.css HTTP/1.1" 404 179
2025-10-13 00:29:42 WARNING django.server:161 "GET /static/img/arrow-3-1.svg HTTP/1.1" 404 179
2025-10-13 00:29:42 WARNING django.server:161 "GET /static/img/rectangle-79@2x.png HTTP/1.1" 404 179
2025-10-13 00:29:42 WARNING django.server:161 "GET /static/img/arrow-3.svg HTTP/1.1" 404 179
2025-10-13 00:29:42 WARNING django.server:161 "GET /static/img/---1-1.png HTTP/1.1" 404 179
2025-10-13 00:29:42 WARNING django.server:161 "GET /static/img/---1-2@2x.png HTTP/1.1" 404 179
2025-10-13 00:29:42 WARNING django.server:161 "GET /static/img/line-25.svg HTTP/1.1" 404 179
2025-10-13 00:29:42 WARNING django.server:161 "GET /static/img/group-30-1@2x.png HTTP/1.1" 404 179
2025-10-13 00:29:46 INFO django.utils.autoreload:636 Watching for file changes with StatReloader
2025-10-13 00:29:56 INFO django.server:75 - Broken pipe from ('127.0.0.1', 60626)

2025-10-13 00:29:56 INFO django.server:75 - Broken pipe from ('127.0.0.1', 60622)

2025-10-13 00:29:56 INFO django.server:75 - Broken pipe from ('127.0.0.1', 60624)

2025-10-13 00:29:56 INFO django.server:75 - Broken pipe from ('127.0.0.1', 60621)

2025-10-13 00:29:56 INFO django.server:75 - Broken pipe from ('127.0.0.1', 60623)

2025-10-13 00:29:56 INFO django.server:75 - Broken pipe from ('127.0.0.1', 60625)

2025-10-13 00:29:56 INFO django.server:75 - Broken pipe from ('127.0.0.1', 60620)

2025-10-13 00:30:03 INFO django.server:161 "GET / HTTP/1.1" 200 11047
2025-10-13 00:30:03 WARNING django.server:161 "GET /static/css/stark_lab_home.css HTTP/1.1" 404 179
2025-10-13 00:30:03 WARNING django.server:161 "GET /static/css/styleguide.css HTTP/1.1" 404 179
2025-10-13 00:30:03 WARNING django.server:161 "GET /static/css/globals.css HTTP/1.1" 404 179
2025-10-13 00:30:03 WARNING django.server:161 "GET /static/img/---1-1.png HTTP/1.1" 404 179
2025-10-13 00:30:03 WARNING django.server:161 "GET /static/img/------logo-1@2x.png HTTP/1.1" 404 179
2025-10-13 00:30:03 WARNING django.server:161 "GET /static/img/arrow-3.svg HTTP/1.1" 404 179
2025-10-13 00:30:03 WARNING django.server:161 "GET /static/img/line-25.svg HTTP/1.1" 404 179
2025-10-13 00:30:03 WARNING django.server:161 "GET /static/img/rectangle-79@2x.png HTTP/1.1" 404 179
2025-10-13 00:30:03 WARNING django.server:161 "GET /static/img/group-30-1@2x.png HTTP/1.1" 404 179
2025-10-13 00:30:03 WARNING django.server:161 "GET /static/img/line-31-1.svg HTTP/1.1" 404 179
2025-10-13 00:30:03 WARNING django.server:161 "GET /static/img/---1-2@2x.png HTTP/1.1" 404 179
2025-10-13 00:30:03 WARNING django.server:161 "GET /static/img/arrow-3-1.svg HTTP/1.1" 404 179
2025-10-13 00:30:05 INFO django.server:161 "GET / HTTP/1.1" 200 11047
2025-10-13 00:30:05 WARNING django.server:161 "GET /static/css/stark_lab_home.css HTTP/1.1" 404 179
2025-10-13 00:30:05 WARNING django.server:161 "GET /static/img/------logo-1@2x.png HTTP/1.1" 404 179
2025-10-13 00:30:05 WARNING django.server:161 "GET /static/img/line-31-1.svg HTTP/1.1" 404 179
2025-10-13 00:30:05 WARNING django.server:161 "GET /static/css/globals.css HTTP/1.1" 404 179
2025-10-13 00:30:05 WARNING django.server:161 "GET /static/css/styleguide.css HTTP/1.1" 404 179
2025-10-13 00:30:05 WARNING django.server:161 "GET /static/img/line-25.svg HTTP/1.1" 404 179
2025-10-13 00:30:05 WARNING django.server:161 "GET /static/img/rectangle-79@2x.png HTTP/1.1" 404 179
2025-10-13 00:30:05 WARNING django.server:161 "GET /static/img/arrow-3.svg HTTP/1.1" 404 179
2025-10-13 00:30:05 WARNING django.server:161 "GET /static/img/arrow-3-1.svg HTTP/1.1" 404 179
2025-10-13 00:30:05 WARNING django.server:161 "GET /static/img/---1-1.png HTTP/1.1" 404 179
2025-10-13 00:30:05 WARNING django.server:161 "GET /static/img/---1-2@2x.png HTTP/1.1" 404 179
2025-10-13 00:30:05 WARNING django.server:161 "GET /static/img/group-30-1@2x.png HTTP/1.1" 404 179
2025-10-13 00:30:24 INFO django.server:161 "GET / HTTP/1.1" 200 11047
2025-10-13 00:30:24 WARNING django.server:161 "GET /static/css/stark_lab_home.css HTTP/1.1" 404 179
2025-10-13 00:30:24 WARNING django.server:161 "GET /static/css/styleguide.css HTTP/1.1" 404 179
2025-10-13 00:30:24 WARNING django.server:161 "GET /static/img/------logo-1@2x.png HTTP/1.1" 404 179
2025-10-13 00:30:24 WARNING django.server:161 "GET /static/css/globals.css HTTP/1.1" 404 179
2025-10-13 00:30:24 WARNING django.server:161 "GET /static/img/line-31-1.svg HTTP/1.1" 404 179
2025-10-13 00:30:24 WARNING django.server:161 "GET /static/img/rectangle-79@2x.png HTTP/1.1" 404 179
2025-10-13 00:30:24 WARNING django.server:161 "GET /static/img/arrow-3-1.svg HTTP/1.1" 404 179
2025-10-13 00:30:24 WARNING django.server:161 "GET /static/img/line-25.svg HTTP/1.1" 404 179
2025-10-13 00:30:24 WARNING django.server:161 "GET /static/img/arrow-3.svg HTTP/1.1" 404 179
2025-10-13 00:30:24 WARNING django.server:161 "GET /static/img/---1-1.png HTTP/1.1" 404 179
2025-10-13 00:30:24 WARNING django.server:161 "GET /static/img/---1-2@2x.png HTTP/1.1" 404 179
2025-10-13 00:30:24 WARNING django.server:161 "GET /static/img/group-30-1@2x.png HTTP/1.1" 404 179
2025-10-13 00:30:25 INFO django.server:161 "GET / HTTP/1.1" 200 11047
2025-10-13 00:30:25 WARNING django.server:161 "GET /static/css/globals.css HTTP/1.1" 404 179
2025-10-13 00:30:25 WARNING django.server:161 "GET /static/css/styleguide.css HTTP/1.1" 404 179
2025-10-13 00:30:25 WARNING django.server:161 "GET /static/img/------logo-1@2x.png HTTP/1.1" 404 179
2025-10-13 00:30:25 WARNING django.server:161 "GET /static/img/line-31-1.svg HTTP/1.1" 404 179
2025-10-13 00:30:25 WARNING django.server:161 "GET /static/css/stark_lab_home.css HTTP/1.1" 404 179
2025-10-13 00:30:25 WARNING django.server:161 "GET /static/img/arrow-3-1.svg HTTP/1.1" 404 179
2025-10-13 00:30:25 WARNING django.server:161 "GET /static/img/---1-1.png HTTP/1.1" 404 179
2025-10-13 00:30:25 WARNING django.server:161 "GET /static/img/rectangle-79@2x.png HTTP/1.1" 404 179
2025-10-13 00:30:25 WARNING django.server:161 "GET /static/img/line-25.svg HTTP/1.1" 404 179
2025-10-13 00:30:25 WARNING django.server:161 "GET /static/img/---1-2@2x.png HTTP/1.1" 404 179
2025-10-13 00:30:25 WARNING django.server:161 "GET /static/img/arrow-3.svg HTTP/1.1" 404 179
2025-10-13 00:30:25 WARNING django.server:161 "GET /static/img/group-30-1@2x.png HTTP/1.1" 404 179
2025-10-13 00:30:25 INFO django.server:161 "GET / HTTP/1.1" 200 11047
2025-10-13 00:30:25 WARNING django.server:161 "GET /static/css/globals.css HTTP/1.1" 404 179
2025-10-13 00:30:25 WARNING django.server:161 "GET /static/css/stark_lab_home.css HTTP/1.1" 404 179
2025-10-13 00:30:25 WARNING django.server:161 "GET /static/img/line-31-1.svg HTTP/1.1" 404 179
2025-10-13 00:30:25 WARNING django.server:161 "GET /static/css/styleguide.css HTTP/1.1" 404 179
2025-10-13 00:30:25 WARNING django.server:161 "GET /static/img/------logo-1@2x.png HTTP/1.1" 404 179
2025-10-13 00:30:25 WARNING django.server:161 "GET /static/img/arrow-3.svg HTTP/1.1" 404 179
2025-10-13 00:30:25 WARNING django.server:161 "GET /static/img/line-25.svg HTTP/1.1" 404 179
2025-10-13 00:30:25 WARNING django.server:161 "GET /static/img/rectangle-79@2x.png HTTP/1.1" 404 179
2025-10-13 00:30:25 WARNING django.server:161 "GET /static/img/---1-1.png HTTP/1.1" 404 179
2025-10-13 00:30:25 WARNING django.server:161 "GET /static/img/---1-2@2x.png HTTP/1.1" 404 179
2025-10-13 00:30:25 WARNING django.server:161 "GET /static/img/arrow-3-1.svg HTTP/1.1" 404 179
2025-10-13 00:30:25 WARNING django.server:161 "GET /static/img/group-30-1@2x.png HTTP/1.1" 404 179
2025-10-13 00:30:25 INFO django.server:161 "GET / HTTP/1.1" 200 11047
2025-10-13 00:30:25 WARNING django.server:161 "GET /static/css/stark_lab_home.css HTTP/1.1" 404 179
2025-10-13 00:30:25 WARNING django.server:161 "GET /static/css/styleguide.css HTTP/1.1" 404 179
2025-10-13 00:30:25 WARNING django.server:161 "GET /static/css/globals.css HTTP/1.1" 404 179
2025-10-13 00:30:25 WARNING django.server:161 "GET /static/img/------logo-1@2x.png HTTP/1.1" 404 179
2025-10-13 00:30:25 WARNING django.server:161 "GET /static/img/line-31-1.svg HTTP/1.1" 404 179
2025-10-13 00:30:25 WARNING django.server:161 "GET /static/img/arrow-3.svg HTTP/1.1" 404 179
2025-10-13 00:30:25 WARNING django.server:161 "GET /static/img/rectangle-79@2x.png HTTP/1.1" 404 179
2025-10-13 00:30:25 WARNING django.server:161 "GET /static/img/---1-1.png HTTP/1.1" 404 179
2025-10-13 00:30:25 WARNING django.server:161 "GET /static/img/line-25.svg HTTP/1.1" 404 179
2025-10-13 00:30:25 WARNING django.server:161 "GET /static/img/---1-2@2x.png HTTP/1.1" 404 179
2025-10-13 00:30:25 WARNING django.server:161 "GET /static/img/arrow-3-1.svg HTTP/1.1" 404 179
2025-10-13 00:30:25 WARNING django.server:161 "GET /static/img/group-30-1@2x.png HTTP/1.1" 404 179
2025-10-13 00:30:25 INFO django.server:161 "GET / HTTP/1.1" 200 11047
2025-10-13 00:30:25 WARNING django.server:161 "GET /static/css/stark_lab_home.css HTTP/1.1" 404 179
2025-10-13 00:30:25 WARNING django.server:161 "GET /static/img/------logo-1@2x.png HTTP/1.1" 404 179
2025-10-13 00:30:25 WARNING django.server:161 "GET /static/css/globals.css HTTP/1.1" 404 179
2025-10-13 00:30:25 WARNING django.server:161 "GET /static/css/styleguide.css HTTP/1.1" 404 179
2025-10-13 00:30:25 WARNING django.server:161 "GET /static/img/line-31-1.svg HTTP/1.1" 404 179
2025-10-13 00:30:25 WARNING django.server:161 "GET /static/img/---1-1.png HTTP/1.1" 404 179
2025-10-13 00:30:25 WARNING django.server:161 "GET /static/img/arrow-3.svg HTTP/1.1" 404 179
2025-10-13 00:30:25 WARNING django.server:161 "GET /static/img/line-25.svg HTTP/1.1" 404 179
2025-10-13 00:30:25 WARNING django.server:161 "GET /static/img/---1-2@2x.png HTTP/1.1" 404 179
2025-10-13 00:30:25 WARNING django.server:161 "GET /static/img/rectangle-79@2x.png HTTP/1.1" 404 179
2025-10-13 00:30:25 WARNING django.server:161 "GET /static/img/arrow-3-1.svg HTTP/1.1" 404 179
2025-10-13 00:30:25 WARNING django.server:161 "GET /static/img/group-30-1@2x.png HTTP/1.1" 404 179
2025-10-13 00:30:38 INFO django.server:161 "GET / HTTP/1.1" 200 11047
2025-10-13 00:30:40 INFO django.server:161 "GET /project/ HTTP/1.1" 200 6643
2025-10-13 00:30:41 INFO django.server:161 "GET /member/ HTTP/1.1" 200 20352
2025-10-13 00:30:43 INFO django.server:161 "GET /member/ HTTP/1.1" 200 20352
2025-10-13 00:30:44 INFO django.server:161 "GET /member/ HTTP/1.1" 200 20352
2025-10-13 00:30:58 INFO django.server:161 "GET / HTTP/1.1" 200 11047
2025-10-13 00:31:01 INFO django.server:161 "GET /project/ HTTP/1.1" 200 6643
2025-10-13 00:31:08 INFO django.server:161 "GET /member/ HTTP/1.1" 200 20352
2025-10-13 00:31:55 INFO django.utils.autoreload:636 Watching for file changes with StatReloader
2025-10-13 00:31:59 INFO django.server:161 "GET /member/ HTTP/1.1" 200 20352
2025-10-13 00:32:00 INFO django.server:161 "GET /member/ HTTP/1.1" 200 20352
2025-10-13 00:32:11 INFO django.server:161 "GET /professor/ HTTP/1.1" 200 9040
2025-10-13 00:32:23 INFO django.server:161 "GET /project/ HTTP/1.1" 200 6643
2025-10-13 00:32:24 INFO django.server:161 "GET /member/ HTTP/1.1" 200 20352
2025-10-13 00:32:25 INFO django.server:161 "GET /project/ HTTP/1.1" 200 6643
2025-10-13 00:32:27 INFO django.server:161 "GET /project_financial/ HTTP/1.1" 200 9767
2025-10-13 00:32:41 INFO django.server:161 "GET / HTTP/1.1" 200 11047
2025-10-13 00:32:52 INFO django.server:161 "GET /project_stock/ HTTP/1.1" 200 10104
2025-10-13 00:32:55 INFO django.server:161 "GET /project_ETFbot/ HTTP/1.1" 200 9426
2025-10-13 00:33:00 INFO django.server:161 "GET /project_stock/ HTTP/1.1" 200 10104
2025-10-13 00:33:32 INFO django.server:161 "GET / HTTP/1.1" 200 11047
2025-10-13 00:33:36 INFO django.server:161 "GET /project/ HTTP/1.1" 200 6643
2025-10-13 00:33:36 INFO django.server:161 "GET /member/ HTTP/1.1" 200 20352
2025-10-13 00:34:20 INFO django.server:161 "GET / HTTP/1.1" 200 11047
2025-10-13 00:34:22 INFO django.server:161 "GET / HTTP/1.1" 200 11047
2025-10-13 00:34:33 INFO django.server:161 "GET / HTTP/1.1" 200 11047
2025-10-13 00:34:37 INFO django.server:161 "GET / HTTP/1.1" 200 11047
2025-10-13 00:34:42 INFO django.server:161 "GET /member/ HTTP/1.1" 200 20352
2025-10-13 00:41:14 INFO django.server:161 "GET / HTTP/1.1" 200 11047
2025-10-13 00:43:52 INFO django.server:161 "GET / HTTP/1.1" 200 11047
2025-10-13 00:43:52 INFO django.server:161 "GET / HTTP/1.1" 200 11047
2025-10-13 00:44:02 INFO django.server:161 "GET / HTTP/1.1" 200 11047
2025-10-13 00:44:15 INFO django.server:161 "GET / HTTP/1.1" 200 11047
2025-10-13 00:44:16 INFO django.server:161 "GET /project/ HTTP/1.1" 200 6643
2025-10-13 00:44:16 INFO django.server:161 "GET /member/ HTTP/1.1" 200 20352
2025-10-13 00:44:16 INFO django.server:161 "GET /professor/ HTTP/1.1" 200 9040
2025-10-13 00:44:17 INFO django.server:161 "GET /project_ETFbot/ HTTP/1.1" 200 9426
2025-10-13 00:44:17 INFO django.server:161 "GET /project_stock/ HTTP/1.1" 200 10104
2025-10-13 00:44:40 INFO django.server:161 "GET / HTTP/1.1" 200 11047
2025-10-13 00:53:20 INFO django.server:161 "GET / HTTP/1.1" 200 11047
2025-10-13 00:53:20 INFO django.server:161 "GET / HTTP/1.1" 200 11047
2025-10-13 00:56:52 INFO django.server:161 "GET / HTTP/1.1" 200 11047
2025-10-13 00:56:58 WARNING django.server:161 "GET /favicon.ico HTTP/1.1" 404 179
2025-10-13 00:57:28 WARNING django.server:161 "GET /favicon.ico HTTP/1.1" 404 179
2025-10-13 01:00:01 INFO django.server:161 "GET / HTTP/1.1" 200 11047
2025-10-13 01:00:16 INFO django.server:161 "GET /project/ HTTP/1.1" 200 6643
2025-10-13 01:00:36 INFO django.server:161 "GET /project/ HTTP/1.1" 200 6643
2025-10-13 01:00:49 INFO django.server:161 "GET /project/ HTTP/1.1" 200 6643
2025-10-13 01:01:23 INFO django.server:161 "GET /member/ HTTP/1.1" 200 20352
2025-10-13 01:02:17 INFO django.server:161 "GET /professor/ HTTP/1.1" 200 9040
2025-10-13 01:02:18 INFO django.server:161 "GET / HTTP/1.1" 200 11047
2025-10-13 01:05:00 INFO django.server:161 "GET / HTTP/1.1" 200 11047
2025-10-13 01:05:04 INFO django.server:161 "GET / HTTP/1.1" 200 11047
2025-10-13 01:18:40 INFO django.server:161 "GET / HTTP/1.1" 200 11047
2025-10-13 01:19:19 INFO django.server:161 "GET /member/ HTTP/1.1" 200 20352
2025-10-13 01:20:18 INFO django.server:161 "GET /member/ HTTP/1.1" 200 20352
2025-10-13 01:20:21 INFO django.server:161 "GET /member/ HTTP/1.1" 200 20352
2025-10-13 01:20:22 INFO django.server:161 "GET /member/ HTTP/1.1" 200 20352
2025-10-13 01:20:25 INFO django.server:161 "GET /member/ HTTP/1.1" 200 20352
2025-10-13 01:20:28 INFO django.server:161 "GET /member/ HTTP/1.1" 200 20352
2025-10-13 01:29:07 INFO django.server:161 "GET / HTTP/1.1" 200 11047
2025-10-13 01:29:49 INFO django.server:161 "GET /project_stock/ HTTP/1.1" 200 10104
2025-10-13 01:30:04 INFO django.server:161 "GET /query/ HTTP/1.1" 200 3793
2025-10-13 01:30:04 WARNING django.server:161 "GET /favicon.ico HTTP/1.1" 404 179
2025-10-13 01:30:17 INFO django.server:161 "GET /project_ETFbot/ HTTP/1.1" 200 9426
2025-10-13 01:31:07 INFO django.server:161 "GET /project/ HTTP/1.1" 200 6643
2025-10-13 01:31:10 INFO django.server:161 "GET /project_linebot/ HTTP/1.1" 200 9727
2025-10-13 01:31:34 INFO django.server:161 "GET /member/ HTTP/1.1" 200 20352
2025-10-13 01:33:33 INFO django.server:161 "GET /professor/ HTTP/1.1" 200 9040
2025-10-13 01:33:39 INFO django.server:161 "GET /project/ HTTP/1.1" 200 6643
2025-10-13 01:33:43 INFO django.server:161 "GET /project_financial/ HTTP/1.1" 200 9767
2025-10-13 01:34:01 INFO django.server:161 "GET /project_stock/ HTTP/1.1" 200 10104
2025-10-13 01:34:05 INFO django.server:161 "GET /project_linebot/ HTTP/1.1" 200 9727
2025-10-13 01:51:12 WARNING django.server:161 "GET /robots.txt HTTP/1.1" 404 179
2025-10-13 01:51:14 INFO django.server:161 "GET / HTTP/1.1" 200 11047
2025-10-13 01:51:17 INFO django.server:161 "GET /project/ HTTP/1.1" 200 6643
2025-10-13 01:51:24 INFO django.server:161 "GET /project_ETFbot/ HTTP/1.1" 200 9426
2025-10-13 01:51:28 INFO django.server:161 "GET /project_stock/ HTTP/1.1" 200 10104
2025-10-13 01:51:29 INFO django.server:161 "GET /professor/ HTTP/1.1" 200 9040
2025-10-13 01:51:33 INFO django.server:161 "GET /member/ HTTP/1.1" 200 20352
2025-10-13 01:51:36 INFO django.server:161 "GET /project_wra/ HTTP/1.1" 200 11025
2025-10-13 01:51:37 INFO django.server:161 "GET /project_linebot/ HTTP/1.1" 200 9727
2025-10-13 01:51:38 INFO django.server:161 "GET /project_wra_repoet/ HTTP/1.1" 200 7530
2025-10-13 01:51:39 INFO django.server:161 "GET /project_financial/ HTTP/1.1" 200 9767
2025-10-13 01:51:44 WARNING django.server:161 "GET /professor/stark_lab_home.html HTTP/1.1" 404 179
2025-10-13 01:51:47 INFO django.server:161 "GET /query/ HTTP/1.1" 200 3793
2025-10-13 01:51:51 INFO django.server:161 "GET /financial_2/ HTTP/1.1" 200 15636
2025-10-13 01:51:53 INFO django.server:161 "GET /financial_1/ HTTP/1.1" 200 12620
2025-10-13 01:57:04 INFO django.server:161 "GET / HTTP/1.1" 200 11047
2025-10-13 01:57:06 INFO django.server:161 "GET / HTTP/1.1" 200 11047
2025-10-13 01:57:20 INFO django.server:161 "GET /member/ HTTP/1.1" 200 20352
2025-10-13 02:01:56 INFO django.server:161 "GET / HTTP/1.1" 200 11047
2025-10-13 02:02:01 INFO django.server:161 "GET / HTTP/1.1" 200 11047
2025-10-13 02:28:00 INFO django.server:161 "GET / HTTP/1.1" 200 11047
2025-10-13 02:28:01 INFO django.server:161 "GET / HTTP/1.1" 200 11047
2025-10-13 02:28:03 WARNING django.server:161 "GET /favicon.ico HTTP/1.1" 404 179
2025-10-13 02:28:05 INFO django.server:161 "GET / HTTP/1.1" 200 11047
2025-10-13 02:28:06 INFO django.server:161 "GET / HTTP/1.1" 200 11047
2025-10-13 02:28:07 INFO django.server:161 "GET / HTTP/1.1" 200 11047
2025-10-13 02:39:19 INFO django.server:161 "GET / HTTP/1.1" 200 11047
2025-10-13 02:39:20 INFO django.server:161 "GET / HTTP/1.1" 200 11047
2025-10-13 02:39:22 INFO django.server:161 "GET / HTTP/1.1" 200 11047
2025-10-13 02:39:22 WARNING django.server:161 "HEAD /favicon.ico HTTP/1.1" 404 179
2025-10-13 03:09:44 INFO django.server:161 "GET / HTTP/1.1" 200 11047
2025-10-13 03:09:44 INFO django.server:161 "GET / HTTP/1.1" 200 11047
2025-10-13 03:09:56 INFO django.server:161 "GET / HTTP/1.1" 200 11047
2025-10-13 03:10:10 INFO django.server:161 "GET / HTTP/1.1" 200 11047
2025-10-13 03:10:11 INFO django.server:161 "GET /member/ HTTP/1.1" 200 20352
2025-10-13 03:10:11 INFO django.server:161 "GET /project_stock/ HTTP/1.1" 200 10104
2025-10-13 03:10:11 INFO django.server:161 "GET /project/ HTTP/1.1" 200 6643
2025-10-13 03:10:11 INFO django.server:161 "GET /project_ETFbot/ HTTP/1.1" 200 9426
2025-10-13 03:10:11 INFO django.server:161 "GET /professor/ HTTP/1.1" 200 9040
2025-10-13 03:49:19 INFO django.server:161 "GET / HTTP/1.1" 200 11047
2025-10-13 03:49:19 WARNING django.server:161 "GET /favicon.ico HTTP/1.1" 404 179
2025-10-13 04:01:10 INFO django.server:161 "GET / HTTP/1.1" 200 11047
2025-10-13 04:25:24 INFO django.server:161 "GET / HTTP/1.1" 200 11047
2025-10-13 05:39:16 WARNING django.server:161 "GET /favicon.ico HTTP/1.1" 404 179
2025-10-13 05:51:25 INFO django.server:161 "GET / HTTP/1.1" 200 11047
2025-10-13 06:25:40 INFO django.server:161 "GET / HTTP/1.1" 200 11047
2025-10-13 06:40:20 INFO django.server:161 "GET / HTTP/1.1" 200 11047
2025-10-13 06:40:30 INFO django.server:161 "GET / HTTP/1.1" 200 11047
2025-10-13 06:40:33 INFO django.server:161 "GET / HTTP/1.1" 200 11047
2025-10-13 06:40:37 INFO django.server:161 "GET / HTTP/1.1" 200 11047
2025-10-13 06:40:46 INFO django.server:161 "GET / HTTP/1.1" 200 11047
2025-10-13 06:40:48 INFO django.server:161 "GET / HTTP/1.1" 200 11047
2025-10-13 06:40:51 INFO django.server:161 "GET / HTTP/1.1" 200 11047
2025-10-13 06:40:52 INFO django.server:161 "GET / HTTP/1.1" 200 11047
2025-10-13 06:41:06 INFO django.server:161 "GET /member/ HTTP/1.1" 200 20352
2025-10-13 06:41:28 INFO django.server:161 "GET /project/ HTTP/1.1" 200 6643
2025-10-13 06:41:37 INFO django.server:161 "GET /project_financial/ HTTP/1.1" 200 9767
2025-10-13 06:41:48 INFO django.server:161 "GET /financial_2/ HTTP/1.1" 200 15636
2025-10-13 06:41:48 WARNING django.server:161 "GET /favicon.ico HTTP/1.1" 404 179
2025-10-13 06:41:59 INFO django.server:161 "GET /professor/ HTTP/1.1" 200 9040
2025-10-13 07:20:46 INFO django.server:161 "GET / HTTP/1.1" 200 11047
2025-10-13 08:04:37 INFO django.server:161 "GET / HTTP/1.1" 200 11047
2025-10-13 08:04:50 WARNING django.server:161 "GET /js/lkk_ch.js HTTP/1.1" 404 179
2025-10-13 08:04:55 WARNING django.server:161 "GET /js/twint_ch.js HTTP/1.1" 404 179
2025-10-13 08:05:12 WARNING django.server:161 "GET /css/support_parent.css HTTP/1.1" 404 179
2025-10-13 08:56:34 INFO django.server:161 "GET / HTTP/1.1" 200 11047
2025-10-13 08:56:36 INFO django.server:161 "GET /project/ HTTP/1.1" 200 6643
2025-10-13 08:56:36 INFO django.server:161 "GET /member/ HTTP/1.1" 200 20352
